########### array before sorts ###########
0	51.670000	-6.157500	51.670000	40.852500	n
1	51.670000	40.852500	-1.300000	40.852500	n
2	-1.300000	40.852500	-1.300000	-6.057500	n
3	-1.300000	-6.057500	51.670000	-6.157500	n
Tolerance=0.050000.
*Exact match for i=0 and j=1.
*i point 51.670000	-6.157500	51.670000	40.852500	y
*Exact match for i=1 and j=2.
*i point 51.670000	40.852500	-1.300000	40.852500	y
*Exact match for i=2 and j=3.
*i point -1.300000	40.852500	-1.300000	-6.057500	y
########### array after sorts ###########
0	51.670000	-6.157500	51.670000	40.852500	y
1	51.670000	40.852500	-1.300000	40.852500	y
2	-1.300000	40.852500	-1.300000	-6.057500	y
3	-1.300000	-6.057500	51.670000	-6.157500	y
***************
.BOARD_OUTLINE UNOWNED
1.6
0     51.670000     -6.157500     0
0     51.670000     40.852500     0
0     -1.300000     40.852500     0
0     -1.300000     -6.057500     0
0     51.670000     -6.157500     0
